<?xml version="1.0" encoding="UTF-8"?>
<testsuite name="com.bookshop.dispatcherservice.FunctionsStreamIntegrationTests" tests="1" skipped="0" failures="0" errors="0" timestamp="2024-11-15T17:04:12" hostname="ValeriedeMacBook-Pro.local" time="0.429">
  <properties/>
  <testcase name="whenOrderAcceptedThenDispatched()" classname="com.bookshop.dispatcherservice.FunctionsStreamIntegrationTests" time="0.429"/>
  <system-out><![CDATA[Standard Commons Logging discovery in action with spring-jcl: please remove commons-logging.jar from classpath in order to avoid potential conflicts
01:04:11.800 [Test worker] INFO org.springframework.test.context.support.AnnotationConfigContextLoaderUtils -- Could not detect default configuration classes for test class [com.bookshop.dispatcherservice.FunctionsStreamIntegrationTests]: FunctionsStreamIntegrationTests does not declare any static, non-private, non-final, nested classes annotated with @Configuration.
01:04:11.845 [Test worker] INFO org.springframework.boot.test.context.SpringBootTestContextBootstrapper -- Found @SpringBootConfiguration com.bookshop.dispatcherservice.DispatcherServiceApplication for test class com.bookshop.dispatcherservice.FunctionsStreamIntegrationTests

  .   ____          _            __ _ _
 /\\ / ___'_ __ _ _(_)_ __  __ _ \ \ \ \
( ( )\___ | '_ | '_| | '_ \/ _` | \ \ \ \
 \\/  ___)| |_)| | | | | || (_| |  ) ) ) )
  '  |____| .__|_| |_|_| |_\__, | / / / /
 =========|_|==============|___/=/_/_/_/

 :: Spring Boot ::                (v3.3.5)

2024-11-16T01:04:12.005+08:00  WARN 75698 --- [dispatcher-service] [    Test worker] ory$DuplicateJsonObjectContextCustomizer : 

Found multiple occurrences of org.json.JSONObject on the class path:

	jar:file:/Users/valeriefan/.gradle/caches/modules-2/files-2.1/com.vaadin.external.google/android-json/0.0.20131108.vaadin1/fa26d351fe62a6a17f5cda1287c1c6110dec413f/android-json-0.0.20131108.vaadin1.jar!/org/json/JSONObject.class
	jar:file:/Users/valeriefan/.gradle/caches/modules-2/files-2.1/org.json/json/20240303/ebb88e8fb5122b7506d5cf1d69f1ccdb790d22a/json-20240303.jar!/org/json/JSONObject.class

You may wish to exclude one of them to ensure predictable runtime behavior

2024-11-16T01:04:12.009+08:00  INFO 75698 --- [dispatcher-service] [    Test worker] c.b.d.FunctionsStreamIntegrationTests    : Starting FunctionsStreamIntegrationTests using Java 17.0.13 with PID 75698 (started by valeriefan in /Users/valeriefan/Desktop/bookshop/dispatcher-service)
2024-11-16T01:04:12.009+08:00  INFO 75698 --- [dispatcher-service] [    Test worker] c.b.d.FunctionsStreamIntegrationTests    : No active profile set, falling back to 1 default profile: "default"
2024-11-16T01:04:12.288+08:00  INFO 75698 --- [dispatcher-service] [    Test worker] faultConfiguringBeanFactoryPostProcessor : No bean named 'errorChannel' has been explicitly defined. Therefore, a default PublishSubscribeChannel will be created.
2024-11-16T01:04:12.292+08:00  INFO 75698 --- [dispatcher-service] [    Test worker] faultConfiguringBeanFactoryPostProcessor : No bean named 'integrationHeaderChannelRegistry' has been explicitly defined. Therefore, a default DefaultHeaderChannelRegistry will be created.
2024-11-16T01:04:12.842+08:00  INFO 75698 --- [dispatcher-service] [    Test worker] o.s.c.s.m.DirectWithAttributesChannel    : Channel 'dispatcher-service.packlabel-in-0' has 1 subscriber(s).
2024-11-16T01:04:12.869+08:00  INFO 75698 --- [dispatcher-service] [    Test worker] o.s.i.endpoint.EventDrivenConsumer       : Adding {logging-channel-adapter:_org.springframework.integration.errorLogger} as a subscriber to the 'errorChannel' channel
2024-11-16T01:04:12.870+08:00  INFO 75698 --- [dispatcher-service] [    Test worker] o.s.i.channel.PublishSubscribeChannel    : Channel 'dispatcher-service.errorChannel' has 1 subscriber(s).
2024-11-16T01:04:12.870+08:00  INFO 75698 --- [dispatcher-service] [    Test worker] o.s.i.endpoint.EventDrivenConsumer       : started bean '_org.springframework.integration.errorLogger'
2024-11-16T01:04:12.872+08:00  INFO 75698 --- [dispatcher-service] [    Test worker] o.s.i.channel.PublishSubscribeChannel    : Channel 'order-dispatched.destination' has 1 subscriber(s).
2024-11-16T01:04:12.873+08:00  INFO 75698 --- [dispatcher-service] [    Test worker] o.s.c.s.m.DirectWithAttributesChannel    : Channel 'dispatcher-service.packlabel-out-0' has 1 subscriber(s).
2024-11-16T01:04:12.887+08:00  INFO 75698 --- [dispatcher-service] [    Test worker] o.s.c.stream.binder.BinderErrorChannel   : Channel '96527084.packlabel-in-0.errors' has 1 subscriber(s).
2024-11-16T01:04:12.887+08:00  INFO 75698 --- [dispatcher-service] [    Test worker] o.s.c.stream.binder.BinderErrorChannel   : Channel '96527084.packlabel-in-0.errors' has 2 subscriber(s).
2024-11-16T01:04:12.887+08:00  INFO 75698 --- [dispatcher-service] [    Test worker] o.s.i.channel.PublishSubscribeChannel    : Channel 'order-accepted.destination' has 1 subscriber(s).
2024-11-16T01:04:12.887+08:00  INFO 75698 --- [dispatcher-service] [    Test worker] r$IntegrationBinderInboundChannelAdapter : started org.springframework.cloud.stream.binder.test.TestChannelBinder$IntegrationBinderInboundChannelAdapter@34cf0e80
2024-11-16T01:04:12.896+08:00  INFO 75698 --- [dispatcher-service] [    Test worker] c.b.d.FunctionsStreamIntegrationTests    : Started FunctionsStreamIntegrationTests in 0.993 seconds (process running for 1.445)
2024-11-16T01:04:13.263+08:00  INFO 75698 --- [dispatcher-service] [    Test worker] c.b.d.DispatchingFunctions               : The order with id 121 is packed.
2024-11-16T01:04:13.264+08:00  INFO 75698 --- [dispatcher-service] [    Test worker] c.b.d.DispatchingFunctions               : The order with id 121 is labeled.
2024-11-16T01:04:13.279+08:00  WARN 75698 --- [dispatcher-service] [    Test worker] o.s.c.s.binder.test.OutputDestination    : !!!While 'receive(long timeout, int bindingIndex)' method may still work it is deprecated no longer supported. It will be removed after 3.1.3 release. Please use 'receive(long timeout, String bindingName)'
]]></system-out>
  <system-err><![CDATA[]]></system-err>
</testsuite>
